/*C1*/SET SCHEMA SYSTEM_LOBS
INSERT INTO BLOCKS VALUES(0,2147483647,0)
COMMIT
/*C2*/SET SCHEMA PUBLIC
create table logs (event_id varchar(255) not null, alert boolean, event_duration varchar(255), host varchar(255), type varchar(255), primary key (event_id))
INSERT INTO LOGS VALUES('scsmbstgra',TRUE,'5ms','12345','APPLICATION_LOG')
COMMIT
INSERT INTO LOGS VALUES('scsmbstgrc',TRUE,'8ms',NULL,NULL)
COMMIT
INSERT INTO LOGS VALUES('scsmbstgrb',FALSE,'3ms',NULL,NULL)
COMMIT
DISCONNECT
/*C3*/SET SCHEMA PUBLIC
DISCONNECT
/*C4*/SET SCHEMA PUBLIC
DISCONNECT
/*C5*/SET SCHEMA PUBLIC
DISCONNECT
/*C6*/SET SCHEMA PUBLIC
DISCONNECT
/*C7*/SET SCHEMA PUBLIC
DISCONNECT
/*C8*/SET SCHEMA PUBLIC
DISCONNECT
/*C9*/SET SCHEMA PUBLIC
DISCONNECT
/*C10*/SET SCHEMA PUBLIC
DISCONNECT
/*C11*/SET SCHEMA PUBLIC
DISCONNECT
